2025-11-13 14:44:06 [ WARNING] [django.request:131] "POST - validate_yaml /system/yaml/validate" ('connection failed: connection to server at "10.67.167.53", port 5433 failed: FATAL:  database "test_xadmin" does not exist',)
2025-11-13 14:44:06 [ WARNING] [django.request:131] "POST - validate_yaml /system/yaml/validate" ('connection failed: connection to server at "10.67.167.53", port 5433 failed: FATAL:  database "test_xadmin" does not exist',)
2025-11-13 14:44:06 [ WARNING] [django.request:131] "POST - validate_yaml /system/yaml/validate" ('connection failed: connection to server at "10.67.167.53", port 5433 failed: FATAL:  database "test_xadmin" does not exist',)
2025-11-13 14:44:06 [ WARNING] [django.request:131] "POST - validate_yaml /system/yaml/validate" ('connection failed: connection to server at "10.67.167.53", port 5433 failed: FATAL:  database "test_xadmin" does not exist',)
2025-11-13 14:44:06 [ WARNING] [django.request:131] "POST - validate_yaml /system/yaml/validate" ('connection failed: connection to server at "10.67.167.53", port 5433 failed: FATAL:  database "test_xadmin" does not exist',)
2025-11-13 14:44:06 [ WARNING] [django.request:131] "POST - validate_yaml /system/yaml/validate" ('connection failed: connection to server at "10.67.167.53", port 5433 failed: FATAL:  database "test_xadmin" does not exist',)
2025-11-13 14:44:06 [   ERROR] [django.request:253] Internal Server Error: /system/yaml/validate
Traceback (most recent call last):
  File "/home/zx/xadmin_zx/.venv/lib/python3.13/site-packages/django/db/backends/base/base.py", line 279, in ensure_connection
    self.connect()
    ~~~~~~~~~~~~^^
  File "/home/zx/xadmin_zx/.venv/lib/python3.13/site-packages/django/utils/asyncio.py", line 26, in inner
    return func(*args, **kwargs)
  File "/home/zx/xadmin_zx/.venv/lib/python3.13/site-packages/django/db/backends/base/base.py", line 256, in connect
    self.connection = self.get_new_connection(conn_params)
                      ~~~~~~~~~~~~~~~~~~~~~~~^^^^^^^^^^^^^
  File "/home/zx/xadmin_zx/.venv/lib/python3.13/site-packages/django/utils/asyncio.py", line 26, in inner
    return func(*args, **kwargs)
  File "/home/zx/xadmin_zx/.venv/lib/python3.13/site-packages/django/db/backends/postgresql/base.py", line 332, in get_new_connection
    connection = self.Database.connect(**conn_params)
  File "/home/zx/xadmin_zx/.venv/lib/python3.13/site-packages/psycopg/connection.py", line 120, in connect
    raise last_ex.with_traceback(None)
psycopg.OperationalError: connection failed: connection to server at "10.67.167.53", port 5433 failed: FATAL:  database "test_xadmin" does not exist

The above exception was the direct cause of the following exception:

Traceback (most recent call last):
  File "/home/zx/xadmin_zx/.venv/lib/python3.13/site-packages/django/core/handlers/exception.py", line 55, in inner
    response = get_response(request)
  File "/home/zx/xadmin_zx/.venv/lib/python3.13/site-packages/django/core/handlers/base.py", line 197, in _get_response
    response = wrapped_callback(request, *callback_args, **callback_kwargs)
  File "/home/zx/xadmin_zx/.venv/lib/python3.13/site-packages/ninja_extra/operation.py", line 325, in _sync_view
    return super(PathView, self)._sync_view(request, *args, **kwargs)
           ~~~~~~~~~~~~~~~~~~~~~~~~~~~~~~~~^^^^^^^^^^^^^^^^^^^^^^^^^^
  File "/home/zx/xadmin_zx/.venv/lib/python3.13/site-packages/ninja/operation.py", line 482, in _sync_view
    return operation.run(request, *a, **kw)
           ~~~~~~~~~~~~~^^^^^^^^^^^^^^^^^^^
  File "/home/zx/xadmin_zx/.venv/lib/python3.13/site-packages/ninja_extra/operation.py", line 226, in run
    return self.api.on_exception(request, e)
           ~~~~~~~~~~~~~~~~~~~~~^^^^^^^^^^^^
  File "/home/zx/xadmin_zx/.venv/lib/python3.13/site-packages/ninja/main.py", line 520, in on_exception
    return handler(request, exc)
  File "/home/zx/xadmin_zx/.venv/lib/python3.13/site-packages/ninja/errors.py", line 129, in _default_exception
    raise exc  # let django deal with it
    ^^^^^^^^^
  File "/home/zx/xadmin_zx/.venv/lib/python3.13/site-packages/ninja_extra/operation.py", line 201, in run
    error = self._run_checks(request)
  File "/home/zx/xadmin_zx/.venv/lib/python3.13/site-packages/ninja/operation.py", line 192, in _run_checks
    error = self._run_authentication(request)  # type: ignore
  File "/home/zx/xadmin_zx/.venv/lib/python3.13/site-packages/ninja/operation.py", line 214, in _run_authentication
    return self.api.on_exception(request, exc)
           ~~~~~~~~~~~~~~~~~~~~~^^^^^^^^^^^^^^
  File "/home/zx/xadmin_zx/.venv/lib/python3.13/site-packages/ninja/main.py", line 520, in on_exception
    return handler(request, exc)
  File "/home/zx/xadmin_zx/.venv/lib/python3.13/site-packages/ninja/errors.py", line 129, in _default_exception
    raise exc  # let django deal with it
    ^^^^^^^^^
  File "/home/zx/xadmin_zx/.venv/lib/python3.13/site-packages/ninja/operation.py", line 212, in _run_authentication
    result = callback(request)
  File "/home/zx/xadmin_zx/.venv/lib/python3.13/site-packages/ninja/security/http.py", line 38, in __call__
    return self.authenticate(request, token)
           ~~~~~~~~~~~~~~~~~^^^^^^^^^^^^^^^^
  File "/home/zx/xadmin_zx/xadmin_auth/auth.py", line 49, in authenticate
    user = self.jwt_authenticate(request, token)
  File "/home/zx/xadmin_zx/.venv/lib/python3.13/site-packages/ninja_jwt/authentication.py", line 70, in jwt_authenticate
    user = self.get_user(validated_token)
  File "/home/zx/xadmin_zx/.venv/lib/python3.13/site-packages/ninja_jwt/authentication.py", line 58, in get_user
    user = self.user_model.objects.get(**{api_settings.USER_ID_FIELD: user_id})
  File "/home/zx/xadmin_zx/.venv/lib/python3.13/site-packages/django/db/models/manager.py", line 87, in manager_method
    return getattr(self.get_queryset(), name)(*args, **kwargs)
           ~~~~~~~~~~~~~~~~~~~~~~~~~~~~~~~~~~^^^^^^^^^^^^^^^^^
  File "/home/zx/xadmin_zx/.venv/lib/python3.13/site-packages/django/db/models/query.py", line 629, in get
    num = len(clone)
  File "/home/zx/xadmin_zx/.venv/lib/python3.13/site-packages/django/db/models/query.py", line 366, in __len__
    self._fetch_all()
    ~~~~~~~~~~~~~~~^^
  File "/home/zx/xadmin_zx/.venv/lib/python3.13/site-packages/django/db/models/query.py", line 1949, in _fetch_all
    self._result_cache = list(self._iterable_class(self))
                         ~~~~^^^^^^^^^^^^^^^^^^^^^^^^^^^^
  File "/home/zx/xadmin_zx/.venv/lib/python3.13/site-packages/django/db/models/query.py", line 91, in __iter__
    results = compiler.execute_sql(
        chunked_fetch=self.chunked_fetch, chunk_size=self.chunk_size
    )
  File "/home/zx/xadmin_zx/.venv/lib/python3.13/site-packages/django/db/models/sql/compiler.py", line 1621, in execute_sql
    cursor = self.connection.cursor()
  File "/home/zx/xadmin_zx/.venv/lib/python3.13/site-packages/django/utils/asyncio.py", line 26, in inner
    return func(*args, **kwargs)
  File "/home/zx/xadmin_zx/.venv/lib/python3.13/site-packages/django/db/backends/base/base.py", line 320, in cursor
    return self._cursor()
           ~~~~~~~~~~~~^^
  File "/home/zx/xadmin_zx/.venv/lib/python3.13/site-packages/django/db/backends/base/base.py", line 296, in _cursor
    self.ensure_connection()
    ~~~~~~~~~~~~~~~~~~~~~~^^
  File "/home/zx/xadmin_zx/.venv/lib/python3.13/site-packages/django/test/testcases.py", line 311, in patched_ensure_connection
    real_ensure_connection(self, *args, **kwargs)
    ~~~~~~~~~~~~~~~~~~~~~~^^^^^^^^^^^^^^^^^^^^^^^
  File "/home/zx/xadmin_zx/.venv/lib/python3.13/site-packages/django/utils/asyncio.py", line 26, in inner
    return func(*args, **kwargs)
  File "/home/zx/xadmin_zx/.venv/lib/python3.13/site-packages/django/db/backends/base/base.py", line 278, in ensure_connection
    with self.wrap_database_errors:
         ^^^^^^^^^^^^^^^^^^^^^^^^^
  File "/home/zx/xadmin_zx/.venv/lib/python3.13/site-packages/django/db/utils.py", line 91, in __exit__
    raise dj_exc_value.with_traceback(traceback) from exc_value
  File "/home/zx/xadmin_zx/.venv/lib/python3.13/site-packages/django/db/backends/base/base.py", line 279, in ensure_connection
    self.connect()
    ~~~~~~~~~~~~^^
  File "/home/zx/xadmin_zx/.venv/lib/python3.13/site-packages/django/utils/asyncio.py", line 26, in inner
    return func(*args, **kwargs)
  File "/home/zx/xadmin_zx/.venv/lib/python3.13/site-packages/django/db/backends/base/base.py", line 256, in connect
    self.connection = self.get_new_connection(conn_params)
                      ~~~~~~~~~~~~~~~~~~~~~~~^^^^^^^^^^^^^
  File "/home/zx/xadmin_zx/.venv/lib/python3.13/site-packages/django/utils/asyncio.py", line 26, in inner
    return func(*args, **kwargs)
  File "/home/zx/xadmin_zx/.venv/lib/python3.13/site-packages/django/db/backends/postgresql/base.py", line 332, in get_new_connection
    connection = self.Database.connect(**conn_params)
  File "/home/zx/xadmin_zx/.venv/lib/python3.13/site-packages/psycopg/connection.py", line 120, in connect
    raise last_ex.with_traceback(None)
django.db.utils.OperationalError: connection failed: connection to server at "10.67.167.53", port 5433 failed: FATAL:  database "test_xadmin" does not exist
2025-11-13 14:44:06 [ WARNING] [django.request:131] "POST - validate_yaml /system/yaml/validate" ('connection failed: connection to server at "10.67.167.53", port 5433 failed: FATAL:  database "test_xadmin" does not exist',)
2025-11-13 14:44:06 [ WARNING] [django.request:131] "POST - validate_yaml /system/yaml/validate" ('connection failed: connection to server at "10.67.167.53", port 5433 failed: FATAL:  database "test_xadmin" does not exist',)
2025-11-13 14:44:06 [ WARNING] [django.request:131] "POST - validate_yaml /system/yaml/validate" ('connection failed: connection to server at "10.67.167.53", port 5433 failed: FATAL:  database "test_xadmin" does not exist',)
2025-11-13 14:44:06 [ WARNING] [django.request:131] "POST - validate_yaml /system/yaml/validate" ('connection failed: connection to server at "10.67.167.53", port 5433 failed: FATAL:  database "test_xadmin" does not exist',)
2025-11-13 14:44:06 [   ERROR] [django.request:253] Internal Server Error: /system/yaml/validate
Traceback (most recent call last):
  File "/home/zx/xadmin_zx/.venv/lib/python3.13/site-packages/django/db/backends/base/base.py", line 279, in ensure_connection
    self.connect()
    ~~~~~~~~~~~~^^
  File "/home/zx/xadmin_zx/.venv/lib/python3.13/site-packages/django/utils/asyncio.py", line 26, in inner
    return func(*args, **kwargs)
  File "/home/zx/xadmin_zx/.venv/lib/python3.13/site-packages/django/db/backends/base/base.py", line 256, in connect
    self.connection = self.get_new_connection(conn_params)
                      ~~~~~~~~~~~~~~~~~~~~~~~^^^^^^^^^^^^^
  File "/home/zx/xadmin_zx/.venv/lib/python3.13/site-packages/django/utils/asyncio.py", line 26, in inner
    return func(*args, **kwargs)
  File "/home/zx/xadmin_zx/.venv/lib/python3.13/site-packages/django/db/backends/postgresql/base.py", line 332, in get_new_connection
    connection = self.Database.connect(**conn_params)
  File "/home/zx/xadmin_zx/.venv/lib/python3.13/site-packages/psycopg/connection.py", line 120, in connect
    raise last_ex.with_traceback(None)
psycopg.OperationalError: connection failed: connection to server at "10.67.167.53", port 5433 failed: FATAL:  database "test_xadmin" does not exist

The above exception was the direct cause of the following exception:

Traceback (most recent call last):
  File "/home/zx/xadmin_zx/.venv/lib/python3.13/site-packages/django/core/handlers/exception.py", line 55, in inner
    response = get_response(request)
  File "/home/zx/xadmin_zx/.venv/lib/python3.13/site-packages/django/core/handlers/base.py", line 197, in _get_response
    response = wrapped_callback(request, *callback_args, **callback_kwargs)
  File "/home/zx/xadmin_zx/.venv/lib/python3.13/site-packages/ninja_extra/operation.py", line 325, in _sync_view
    return super(PathView, self)._sync_view(request, *args, **kwargs)
           ~~~~~~~~~~~~~~~~~~~~~~~~~~~~~~~~^^^^^^^^^^^^^^^^^^^^^^^^^^
  File "/home/zx/xadmin_zx/.venv/lib/python3.13/site-packages/ninja/operation.py", line 482, in _sync_view
    return operation.run(request, *a, **kw)
           ~~~~~~~~~~~~~^^^^^^^^^^^^^^^^^^^
  File "/home/zx/xadmin_zx/.venv/lib/python3.13/site-packages/ninja_extra/operation.py", line 226, in run
    return self.api.on_exception(request, e)
           ~~~~~~~~~~~~~~~~~~~~~^^^^^^^^^^^^
  File "/home/zx/xadmin_zx/.venv/lib/python3.13/site-packages/ninja/main.py", line 520, in on_exception
    return handler(request, exc)
  File "/home/zx/xadmin_zx/.venv/lib/python3.13/site-packages/ninja/errors.py", line 129, in _default_exception
    raise exc  # let django deal with it
    ^^^^^^^^^
  File "/home/zx/xadmin_zx/.venv/lib/python3.13/site-packages/ninja_extra/operation.py", line 201, in run
    error = self._run_checks(request)
  File "/home/zx/xadmin_zx/.venv/lib/python3.13/site-packages/ninja/operation.py", line 192, in _run_checks
    error = self._run_authentication(request)  # type: ignore
  File "/home/zx/xadmin_zx/.venv/lib/python3.13/site-packages/ninja/operation.py", line 214, in _run_authentication
    return self.api.on_exception(request, exc)
           ~~~~~~~~~~~~~~~~~~~~~^^^^^^^^^^^^^^
  File "/home/zx/xadmin_zx/.venv/lib/python3.13/site-packages/ninja/main.py", line 520, in on_exception
    return handler(request, exc)
  File "/home/zx/xadmin_zx/.venv/lib/python3.13/site-packages/ninja/errors.py", line 129, in _default_exception
    raise exc  # let django deal with it
    ^^^^^^^^^
  File "/home/zx/xadmin_zx/.venv/lib/python3.13/site-packages/ninja/operation.py", line 212, in _run_authentication
    result = callback(request)
  File "/home/zx/xadmin_zx/.venv/lib/python3.13/site-packages/ninja/security/http.py", line 38, in __call__
    return self.authenticate(request, token)
           ~~~~~~~~~~~~~~~~~^^^^^^^^^^^^^^^^
  File "/home/zx/xadmin_zx/xadmin_auth/auth.py", line 49, in authenticate
    user = self.jwt_authenticate(request, token)
  File "/home/zx/xadmin_zx/.venv/lib/python3.13/site-packages/ninja_jwt/authentication.py", line 70, in jwt_authenticate
    user = self.get_user(validated_token)
  File "/home/zx/xadmin_zx/.venv/lib/python3.13/site-packages/ninja_jwt/authentication.py", line 58, in get_user
    user = self.user_model.objects.get(**{api_settings.USER_ID_FIELD: user_id})
  File "/home/zx/xadmin_zx/.venv/lib/python3.13/site-packages/django/db/models/manager.py", line 87, in manager_method
    return getattr(self.get_queryset(), name)(*args, **kwargs)
           ~~~~~~~~~~~~~~~~~~~~~~~~~~~~~~~~~~^^^^^^^^^^^^^^^^^
  File "/home/zx/xadmin_zx/.venv/lib/python3.13/site-packages/django/db/models/query.py", line 629, in get
    num = len(clone)
  File "/home/zx/xadmin_zx/.venv/lib/python3.13/site-packages/django/db/models/query.py", line 366, in __len__
    self._fetch_all()
    ~~~~~~~~~~~~~~~^^
  File "/home/zx/xadmin_zx/.venv/lib/python3.13/site-packages/django/db/models/query.py", line 1949, in _fetch_all
    self._result_cache = list(self._iterable_class(self))
                         ~~~~^^^^^^^^^^^^^^^^^^^^^^^^^^^^
  File "/home/zx/xadmin_zx/.venv/lib/python3.13/site-packages/django/db/models/query.py", line 91, in __iter__
    results = compiler.execute_sql(
        chunked_fetch=self.chunked_fetch, chunk_size=self.chunk_size
    )
  File "/home/zx/xadmin_zx/.venv/lib/python3.13/site-packages/django/db/models/sql/compiler.py", line 1621, in execute_sql
    cursor = self.connection.cursor()
  File "/home/zx/xadmin_zx/.venv/lib/python3.13/site-packages/django/utils/asyncio.py", line 26, in inner
    return func(*args, **kwargs)
  File "/home/zx/xadmin_zx/.venv/lib/python3.13/site-packages/django/db/backends/base/base.py", line 320, in cursor
    return self._cursor()
           ~~~~~~~~~~~~^^
  File "/home/zx/xadmin_zx/.venv/lib/python3.13/site-packages/django/db/backends/base/base.py", line 296, in _cursor
    self.ensure_connection()
    ~~~~~~~~~~~~~~~~~~~~~~^^
  File "/home/zx/xadmin_zx/.venv/lib/python3.13/site-packages/django/test/testcases.py", line 311, in patched_ensure_connection
    real_ensure_connection(self, *args, **kwargs)
    ~~~~~~~~~~~~~~~~~~~~~~^^^^^^^^^^^^^^^^^^^^^^^
  File "/home/zx/xadmin_zx/.venv/lib/python3.13/site-packages/django/utils/asyncio.py", line 26, in inner
    return func(*args, **kwargs)
  File "/home/zx/xadmin_zx/.venv/lib/python3.13/site-packages/django/db/backends/base/base.py", line 278, in ensure_connection
    with self.wrap_database_errors:
         ^^^^^^^^^^^^^^^^^^^^^^^^^
  File "/home/zx/xadmin_zx/.venv/lib/python3.13/site-packages/django/db/utils.py", line 91, in __exit__
    raise dj_exc_value.with_traceback(traceback) from exc_value
  File "/home/zx/xadmin_zx/.venv/lib/python3.13/site-packages/django/db/backends/base/base.py", line 279, in ensure_connection
    self.connect()
    ~~~~~~~~~~~~^^
  File "/home/zx/xadmin_zx/.venv/lib/python3.13/site-packages/django/utils/asyncio.py", line 26, in inner
    return func(*args, **kwargs)
  File "/home/zx/xadmin_zx/.venv/lib/python3.13/site-packages/django/db/backends/base/base.py", line 256, in connect
    self.connection = self.get_new_connection(conn_params)
                      ~~~~~~~~~~~~~~~~~~~~~~~^^^^^^^^^^^^^
  File "/home/zx/xadmin_zx/.venv/lib/python3.13/site-packages/django/utils/asyncio.py", line 26, in inner
    return func(*args, **kwargs)
  File "/home/zx/xadmin_zx/.venv/lib/python3.13/site-packages/django/db/backends/postgresql/base.py", line 332, in get_new_connection
    connection = self.Database.connect(**conn_params)
  File "/home/zx/xadmin_zx/.venv/lib/python3.13/site-packages/psycopg/connection.py", line 120, in connect
    raise last_ex.with_traceback(None)
django.db.utils.OperationalError: connection failed: connection to server at "10.67.167.53", port 5433 failed: FATAL:  database "test_xadmin" does not exist
2025-11-13 14:44:06 [   ERROR] [django.request:253] Internal Server Error: /system/yaml/validate
Traceback (most recent call last):
  File "/home/zx/xadmin_zx/.venv/lib/python3.13/site-packages/django/db/backends/base/base.py", line 279, in ensure_connection
    self.connect()
    ~~~~~~~~~~~~^^
  File "/home/zx/xadmin_zx/.venv/lib/python3.13/site-packages/django/utils/asyncio.py", line 26, in inner
    return func(*args, **kwargs)
  File "/home/zx/xadmin_zx/.venv/lib/python3.13/site-packages/django/db/backends/base/base.py", line 256, in connect
    self.connection = self.get_new_connection(conn_params)
                      ~~~~~~~~~~~~~~~~~~~~~~~^^^^^^^^^^^^^
  File "/home/zx/xadmin_zx/.venv/lib/python3.13/site-packages/django/utils/asyncio.py", line 26, in inner
    return func(*args, **kwargs)
  File "/home/zx/xadmin_zx/.venv/lib/python3.13/site-packages/django/db/backends/postgresql/base.py", line 332, in get_new_connection
    connection = self.Database.connect(**conn_params)
  File "/home/zx/xadmin_zx/.venv/lib/python3.13/site-packages/psycopg/connection.py", line 120, in connect
    raise last_ex.with_traceback(None)
psycopg.OperationalError: connection failed: connection to server at "10.67.167.53", port 5433 failed: FATAL:  database "test_xadmin" does not exist

The above exception was the direct cause of the following exception:

Traceback (most recent call last):
  File "/home/zx/xadmin_zx/.venv/lib/python3.13/site-packages/django/core/handlers/exception.py", line 55, in inner
    response = get_response(request)
  File "/home/zx/xadmin_zx/.venv/lib/python3.13/site-packages/django/core/handlers/base.py", line 197, in _get_response
    response = wrapped_callback(request, *callback_args, **callback_kwargs)
  File "/home/zx/xadmin_zx/.venv/lib/python3.13/site-packages/ninja_extra/operation.py", line 325, in _sync_view
    return super(PathView, self)._sync_view(request, *args, **kwargs)
           ~~~~~~~~~~~~~~~~~~~~~~~~~~~~~~~~^^^^^^^^^^^^^^^^^^^^^^^^^^
  File "/home/zx/xadmin_zx/.venv/lib/python3.13/site-packages/ninja/operation.py", line 482, in _sync_view
    return operation.run(request, *a, **kw)
           ~~~~~~~~~~~~~^^^^^^^^^^^^^^^^^^^
  File "/home/zx/xadmin_zx/.venv/lib/python3.13/site-packages/ninja_extra/operation.py", line 226, in run
    return self.api.on_exception(request, e)
           ~~~~~~~~~~~~~~~~~~~~~^^^^^^^^^^^^
  File "/home/zx/xadmin_zx/.venv/lib/python3.13/site-packages/ninja/main.py", line 520, in on_exception
    return handler(request, exc)
  File "/home/zx/xadmin_zx/.venv/lib/python3.13/site-packages/ninja/errors.py", line 129, in _default_exception
    raise exc  # let django deal with it
    ^^^^^^^^^
  File "/home/zx/xadmin_zx/.venv/lib/python3.13/site-packages/ninja_extra/operation.py", line 201, in run
    error = self._run_checks(request)
  File "/home/zx/xadmin_zx/.venv/lib/python3.13/site-packages/ninja/operation.py", line 192, in _run_checks
    error = self._run_authentication(request)  # type: ignore
  File "/home/zx/xadmin_zx/.venv/lib/python3.13/site-packages/ninja/operation.py", line 214, in _run_authentication
    return self.api.on_exception(request, exc)
           ~~~~~~~~~~~~~~~~~~~~~^^^^^^^^^^^^^^
  File "/home/zx/xadmin_zx/.venv/lib/python3.13/site-packages/ninja/main.py", line 520, in on_exception
    return handler(request, exc)
  File "/home/zx/xadmin_zx/.venv/lib/python3.13/site-packages/ninja/errors.py", line 129, in _default_exception
    raise exc  # let django deal with it
    ^^^^^^^^^
  File "/home/zx/xadmin_zx/.venv/lib/python3.13/site-packages/ninja/operation.py", line 212, in _run_authentication
    result = callback(request)
  File "/home/zx/xadmin_zx/.venv/lib/python3.13/site-packages/ninja/security/http.py", line 38, in __call__
    return self.authenticate(request, token)
           ~~~~~~~~~~~~~~~~~^^^^^^^^^^^^^^^^
  File "/home/zx/xadmin_zx/xadmin_auth/auth.py", line 49, in authenticate
    user = self.jwt_authenticate(request, token)
  File "/home/zx/xadmin_zx/.venv/lib/python3.13/site-packages/ninja_jwt/authentication.py", line 70, in jwt_authenticate
    user = self.get_user(validated_token)
  File "/home/zx/xadmin_zx/.venv/lib/python3.13/site-packages/ninja_jwt/authentication.py", line 58, in get_user
    user = self.user_model.objects.get(**{api_settings.USER_ID_FIELD: user_id})
  File "/home/zx/xadmin_zx/.venv/lib/python3.13/site-packages/django/db/models/manager.py", line 87, in manager_method
    return getattr(self.get_queryset(), name)(*args, **kwargs)
           ~~~~~~~~~~~~~~~~~~~~~~~~~~~~~~~~~~^^^^^^^^^^^^^^^^^
  File "/home/zx/xadmin_zx/.venv/lib/python3.13/site-packages/django/db/models/query.py", line 629, in get
    num = len(clone)
  File "/home/zx/xadmin_zx/.venv/lib/python3.13/site-packages/django/db/models/query.py", line 366, in __len__
    self._fetch_all()
    ~~~~~~~~~~~~~~~^^
  File "/home/zx/xadmin_zx/.venv/lib/python3.13/site-packages/django/db/models/query.py", line 1949, in _fetch_all
    self._result_cache = list(self._iterable_class(self))
                         ~~~~^^^^^^^^^^^^^^^^^^^^^^^^^^^^
  File "/home/zx/xadmin_zx/.venv/lib/python3.13/site-packages/django/db/models/query.py", line 91, in __iter__
    results = compiler.execute_sql(
        chunked_fetch=self.chunked_fetch, chunk_size=self.chunk_size
    )
  File "/home/zx/xadmin_zx/.venv/lib/python3.13/site-packages/django/db/models/sql/compiler.py", line 1621, in execute_sql
    cursor = self.connection.cursor()
  File "/home/zx/xadmin_zx/.venv/lib/python3.13/site-packages/django/utils/asyncio.py", line 26, in inner
    return func(*args, **kwargs)
  File "/home/zx/xadmin_zx/.venv/lib/python3.13/site-packages/django/db/backends/base/base.py", line 320, in cursor
    return self._cursor()
           ~~~~~~~~~~~~^^
  File "/home/zx/xadmin_zx/.venv/lib/python3.13/site-packages/django/db/backends/base/base.py", line 296, in _cursor
    self.ensure_connection()
    ~~~~~~~~~~~~~~~~~~~~~~^^
  File "/home/zx/xadmin_zx/.venv/lib/python3.13/site-packages/django/test/testcases.py", line 311, in patched_ensure_connection
    real_ensure_connection(self, *args, **kwargs)
    ~~~~~~~~~~~~~~~~~~~~~~^^^^^^^^^^^^^^^^^^^^^^^
  File "/home/zx/xadmin_zx/.venv/lib/python3.13/site-packages/django/utils/asyncio.py", line 26, in inner
    return func(*args, **kwargs)
  File "/home/zx/xadmin_zx/.venv/lib/python3.13/site-packages/django/db/backends/base/base.py", line 278, in ensure_connection
    with self.wrap_database_errors:
         ^^^^^^^^^^^^^^^^^^^^^^^^^
  File "/home/zx/xadmin_zx/.venv/lib/python3.13/site-packages/django/db/utils.py", line 91, in __exit__
    raise dj_exc_value.with_traceback(traceback) from exc_value
  File "/home/zx/xadmin_zx/.venv/lib/python3.13/site-packages/django/db/backends/base/base.py", line 279, in ensure_connection
    self.connect()
    ~~~~~~~~~~~~^^
  File "/home/zx/xadmin_zx/.venv/lib/python3.13/site-packages/django/utils/asyncio.py", line 26, in inner
    return func(*args, **kwargs)
  File "/home/zx/xadmin_zx/.venv/lib/python3.13/site-packages/django/db/backends/base/base.py", line 256, in connect
    self.connection = self.get_new_connection(conn_params)
                      ~~~~~~~~~~~~~~~~~~~~~~~^^^^^^^^^^^^^
  File "/home/zx/xadmin_zx/.venv/lib/python3.13/site-packages/django/utils/asyncio.py", line 26, in inner
    return func(*args, **kwargs)
  File "/home/zx/xadmin_zx/.venv/lib/python3.13/site-packages/django/db/backends/postgresql/base.py", line 332, in get_new_connection
    connection = self.Database.connect(**conn_params)
  File "/home/zx/xadmin_zx/.venv/lib/python3.13/site-packages/psycopg/connection.py", line 120, in connect
    raise last_ex.with_traceback(None)
django.db.utils.OperationalError: connection failed: connection to server at "10.67.167.53", port 5433 failed: FATAL:  database "test_xadmin" does not exist
2025-11-13 14:44:06 [   ERROR] [django.request:253] Internal Server Error: /system/yaml/validate
Traceback (most recent call last):
  File "/home/zx/xadmin_zx/.venv/lib/python3.13/site-packages/django/db/backends/base/base.py", line 279, in ensure_connection
    self.connect()
    ~~~~~~~~~~~~^^
  File "/home/zx/xadmin_zx/.venv/lib/python3.13/site-packages/django/utils/asyncio.py", line 26, in inner
    return func(*args, **kwargs)
  File "/home/zx/xadmin_zx/.venv/lib/python3.13/site-packages/django/db/backends/base/base.py", line 256, in connect
    self.connection = self.get_new_connection(conn_params)
                      ~~~~~~~~~~~~~~~~~~~~~~~^^^^^^^^^^^^^
  File "/home/zx/xadmin_zx/.venv/lib/python3.13/site-packages/django/utils/asyncio.py", line 26, in inner
    return func(*args, **kwargs)
  File "/home/zx/xadmin_zx/.venv/lib/python3.13/site-packages/django/db/backends/postgresql/base.py", line 332, in get_new_connection
    connection = self.Database.connect(**conn_params)
  File "/home/zx/xadmin_zx/.venv/lib/python3.13/site-packages/psycopg/connection.py", line 120, in connect
    raise last_ex.with_traceback(None)
psycopg.OperationalError: connection failed: connection to server at "10.67.167.53", port 5433 failed: FATAL:  database "test_xadmin" does not exist

The above exception was the direct cause of the following exception:

Traceback (most recent call last):
  File "/home/zx/xadmin_zx/.venv/lib/python3.13/site-packages/django/core/handlers/exception.py", line 55, in inner
    response = get_response(request)
  File "/home/zx/xadmin_zx/.venv/lib/python3.13/site-packages/django/core/handlers/base.py", line 197, in _get_response
    response = wrapped_callback(request, *callback_args, **callback_kwargs)
  File "/home/zx/xadmin_zx/.venv/lib/python3.13/site-packages/ninja_extra/operation.py", line 325, in _sync_view
    return super(PathView, self)._sync_view(request, *args, **kwargs)
           ~~~~~~~~~~~~~~~~~~~~~~~~~~~~~~~~^^^^^^^^^^^^^^^^^^^^^^^^^^
  File "/home/zx/xadmin_zx/.venv/lib/python3.13/site-packages/ninja/operation.py", line 482, in _sync_view
    return operation.run(request, *a, **kw)
           ~~~~~~~~~~~~~^^^^^^^^^^^^^^^^^^^
  File "/home/zx/xadmin_zx/.venv/lib/python3.13/site-packages/ninja_extra/operation.py", line 226, in run
    return self.api.on_exception(request, e)
           ~~~~~~~~~~~~~~~~~~~~~^^^^^^^^^^^^
  File "/home/zx/xadmin_zx/.venv/lib/python3.13/site-packages/ninja/main.py", line 520, in on_exception
    return handler(request, exc)
  File "/home/zx/xadmin_zx/.venv/lib/python3.13/site-packages/ninja/errors.py", line 129, in _default_exception
    raise exc  # let django deal with it
    ^^^^^^^^^
  File "/home/zx/xadmin_zx/.venv/lib/python3.13/site-packages/ninja_extra/operation.py", line 201, in run
    error = self._run_checks(request)
  File "/home/zx/xadmin_zx/.venv/lib/python3.13/site-packages/ninja/operation.py", line 192, in _run_checks
    error = self._run_authentication(request)  # type: ignore
  File "/home/zx/xadmin_zx/.venv/lib/python3.13/site-packages/ninja/operation.py", line 214, in _run_authentication
    return self.api.on_exception(request, exc)
           ~~~~~~~~~~~~~~~~~~~~~^^^^^^^^^^^^^^
  File "/home/zx/xadmin_zx/.venv/lib/python3.13/site-packages/ninja/main.py", line 520, in on_exception
    return handler(request, exc)
  File "/home/zx/xadmin_zx/.venv/lib/python3.13/site-packages/ninja/errors.py", line 129, in _default_exception
    raise exc  # let django deal with it
    ^^^^^^^^^
  File "/home/zx/xadmin_zx/.venv/lib/python3.13/site-packages/ninja/operation.py", line 212, in _run_authentication
    result = callback(request)
  File "/home/zx/xadmin_zx/.venv/lib/python3.13/site-packages/ninja/security/http.py", line 38, in __call__
    return self.authenticate(request, token)
           ~~~~~~~~~~~~~~~~~^^^^^^^^^^^^^^^^
  File "/home/zx/xadmin_zx/xadmin_auth/auth.py", line 49, in authenticate
    user = self.jwt_authenticate(request, token)
  File "/home/zx/xadmin_zx/.venv/lib/python3.13/site-packages/ninja_jwt/authentication.py", line 70, in jwt_authenticate
    user = self.get_user(validated_token)
  File "/home/zx/xadmin_zx/.venv/lib/python3.13/site-packages/ninja_jwt/authentication.py", line 58, in get_user
    user = self.user_model.objects.get(**{api_settings.USER_ID_FIELD: user_id})
  File "/home/zx/xadmin_zx/.venv/lib/python3.13/site-packages/django/db/models/manager.py", line 87, in manager_method
    return getattr(self.get_queryset(), name)(*args, **kwargs)
           ~~~~~~~~~~~~~~~~~~~~~~~~~~~~~~~~~~^^^^^^^^^^^^^^^^^
  File "/home/zx/xadmin_zx/.venv/lib/python3.13/site-packages/django/db/models/query.py", line 629, in get
    num = len(clone)
  File "/home/zx/xadmin_zx/.venv/lib/python3.13/site-packages/django/db/models/query.py", line 366, in __len__
    self._fetch_all()
    ~~~~~~~~~~~~~~~^^
  File "/home/zx/xadmin_zx/.venv/lib/python3.13/site-packages/django/db/models/query.py", line 1949, in _fetch_all
    self._result_cache = list(self._iterable_class(self))
                         ~~~~^^^^^^^^^^^^^^^^^^^^^^^^^^^^
  File "/home/zx/xadmin_zx/.venv/lib/python3.13/site-packages/django/db/models/query.py", line 91, in __iter__
    results = compiler.execute_sql(
        chunked_fetch=self.chunked_fetch, chunk_size=self.chunk_size
    )
  File "/home/zx/xadmin_zx/.venv/lib/python3.13/site-packages/django/db/models/sql/compiler.py", line 1621, in execute_sql
    cursor = self.connection.cursor()
  File "/home/zx/xadmin_zx/.venv/lib/python3.13/site-packages/django/utils/asyncio.py", line 26, in inner
    return func(*args, **kwargs)
  File "/home/zx/xadmin_zx/.venv/lib/python3.13/site-packages/django/db/backends/base/base.py", line 320, in cursor
    return self._cursor()
           ~~~~~~~~~~~~^^
  File "/home/zx/xadmin_zx/.venv/lib/python3.13/site-packages/django/db/backends/base/base.py", line 296, in _cursor
    self.ensure_connection()
    ~~~~~~~~~~~~~~~~~~~~~~^^
  File "/home/zx/xadmin_zx/.venv/lib/python3.13/site-packages/django/test/testcases.py", line 311, in patched_ensure_connection
    real_ensure_connection(self, *args, **kwargs)
    ~~~~~~~~~~~~~~~~~~~~~~^^^^^^^^^^^^^^^^^^^^^^^
  File "/home/zx/xadmin_zx/.venv/lib/python3.13/site-packages/django/utils/asyncio.py", line 26, in inner
    return func(*args, **kwargs)
  File "/home/zx/xadmin_zx/.venv/lib/python3.13/site-packages/django/db/backends/base/base.py", line 278, in ensure_connection
    with self.wrap_database_errors:
         ^^^^^^^^^^^^^^^^^^^^^^^^^
  File "/home/zx/xadmin_zx/.venv/lib/python3.13/site-packages/django/db/utils.py", line 91, in __exit__
    raise dj_exc_value.with_traceback(traceback) from exc_value
  File "/home/zx/xadmin_zx/.venv/lib/python3.13/site-packages/django/db/backends/base/base.py", line 279, in ensure_connection
    self.connect()
    ~~~~~~~~~~~~^^
  File "/home/zx/xadmin_zx/.venv/lib/python3.13/site-packages/django/utils/asyncio.py", line 26, in inner
    return func(*args, **kwargs)
  File "/home/zx/xadmin_zx/.venv/lib/python3.13/site-packages/django/db/backends/base/base.py", line 256, in connect
    self.connection = self.get_new_connection(conn_params)
                      ~~~~~~~~~~~~~~~~~~~~~~~^^^^^^^^^^^^^
  File "/home/zx/xadmin_zx/.venv/lib/python3.13/site-packages/django/utils/asyncio.py", line 26, in inner
    return func(*args, **kwargs)
  File "/home/zx/xadmin_zx/.venv/lib/python3.13/site-packages/django/db/backends/postgresql/base.py", line 332, in get_new_connection
    connection = self.Database.connect(**conn_params)
  File "/home/zx/xadmin_zx/.venv/lib/python3.13/site-packages/psycopg/connection.py", line 120, in connect
    raise last_ex.with_traceback(None)
django.db.utils.OperationalError: connection failed: connection to server at "10.67.167.53", port 5433 failed: FATAL:  database "test_xadmin" does not exist
2025-11-13 14:44:06 [   ERROR] [django.request:253] Internal Server Error: /system/yaml/validate
Traceback (most recent call last):
  File "/home/zx/xadmin_zx/.venv/lib/python3.13/site-packages/django/db/backends/base/base.py", line 279, in ensure_connection
    self.connect()
    ~~~~~~~~~~~~^^
  File "/home/zx/xadmin_zx/.venv/lib/python3.13/site-packages/django/utils/asyncio.py", line 26, in inner
    return func(*args, **kwargs)
  File "/home/zx/xadmin_zx/.venv/lib/python3.13/site-packages/django/db/backends/base/base.py", line 256, in connect
    self.connection = self.get_new_connection(conn_params)
                      ~~~~~~~~~~~~~~~~~~~~~~~^^^^^^^^^^^^^
  File "/home/zx/xadmin_zx/.venv/lib/python3.13/site-packages/django/utils/asyncio.py", line 26, in inner
    return func(*args, **kwargs)
  File "/home/zx/xadmin_zx/.venv/lib/python3.13/site-packages/django/db/backends/postgresql/base.py", line 332, in get_new_connection
    connection = self.Database.connect(**conn_params)
  File "/home/zx/xadmin_zx/.venv/lib/python3.13/site-packages/psycopg/connection.py", line 120, in connect
    raise last_ex.with_traceback(None)
psycopg.OperationalError: connection failed: connection to server at "10.67.167.53", port 5433 failed: FATAL:  database "test_xadmin" does not exist

The above exception was the direct cause of the following exception:

Traceback (most recent call last):
  File "/home/zx/xadmin_zx/.venv/lib/python3.13/site-packages/django/core/handlers/exception.py", line 55, in inner
    response = get_response(request)
  File "/home/zx/xadmin_zx/.venv/lib/python3.13/site-packages/django/core/handlers/base.py", line 197, in _get_response
    response = wrapped_callback(request, *callback_args, **callback_kwargs)
  File "/home/zx/xadmin_zx/.venv/lib/python3.13/site-packages/ninja_extra/operation.py", line 325, in _sync_view
    return super(PathView, self)._sync_view(request, *args, **kwargs)
           ~~~~~~~~~~~~~~~~~~~~~~~~~~~~~~~~^^^^^^^^^^^^^^^^^^^^^^^^^^
  File "/home/zx/xadmin_zx/.venv/lib/python3.13/site-packages/ninja/operation.py", line 482, in _sync_view
    return operation.run(request, *a, **kw)
           ~~~~~~~~~~~~~^^^^^^^^^^^^^^^^^^^
  File "/home/zx/xadmin_zx/.venv/lib/python3.13/site-packages/ninja_extra/operation.py", line 226, in run
    return self.api.on_exception(request, e)
           ~~~~~~~~~~~~~~~~~~~~~^^^^^^^^^^^^
  File "/home/zx/xadmin_zx/.venv/lib/python3.13/site-packages/ninja/main.py", line 520, in on_exception
    return handler(request, exc)
  File "/home/zx/xadmin_zx/.venv/lib/python3.13/site-packages/ninja/errors.py", line 129, in _default_exception
    raise exc  # let django deal with it
    ^^^^^^^^^
  File "/home/zx/xadmin_zx/.venv/lib/python3.13/site-packages/ninja_extra/operation.py", line 201, in run
    error = self._run_checks(request)
  File "/home/zx/xadmin_zx/.venv/lib/python3.13/site-packages/ninja/operation.py", line 192, in _run_checks
    error = self._run_authentication(request)  # type: ignore
  File "/home/zx/xadmin_zx/.venv/lib/python3.13/site-packages/ninja/operation.py", line 214, in _run_authentication
    return self.api.on_exception(request, exc)
           ~~~~~~~~~~~~~~~~~~~~~^^^^^^^^^^^^^^
  File "/home/zx/xadmin_zx/.venv/lib/python3.13/site-packages/ninja/main.py", line 520, in on_exception
    return handler(request, exc)
  File "/home/zx/xadmin_zx/.venv/lib/python3.13/site-packages/ninja/errors.py", line 129, in _default_exception
    raise exc  # let django deal with it
    ^^^^^^^^^
  File "/home/zx/xadmin_zx/.venv/lib/python3.13/site-packages/ninja/operation.py", line 212, in _run_authentication
    result = callback(request)
  File "/home/zx/xadmin_zx/.venv/lib/python3.13/site-packages/ninja/security/http.py", line 38, in __call__
    return self.authenticate(request, token)
           ~~~~~~~~~~~~~~~~~^^^^^^^^^^^^^^^^
  File "/home/zx/xadmin_zx/xadmin_auth/auth.py", line 49, in authenticate
    user = self.jwt_authenticate(request, token)
  File "/home/zx/xadmin_zx/.venv/lib/python3.13/site-packages/ninja_jwt/authentication.py", line 70, in jwt_authenticate
    user = self.get_user(validated_token)
  File "/home/zx/xadmin_zx/.venv/lib/python3.13/site-packages/ninja_jwt/authentication.py", line 58, in get_user
    user = self.user_model.objects.get(**{api_settings.USER_ID_FIELD: user_id})
  File "/home/zx/xadmin_zx/.venv/lib/python3.13/site-packages/django/db/models/manager.py", line 87, in manager_method
    return getattr(self.get_queryset(), name)(*args, **kwargs)
           ~~~~~~~~~~~~~~~~~~~~~~~~~~~~~~~~~~^^^^^^^^^^^^^^^^^
  File "/home/zx/xadmin_zx/.venv/lib/python3.13/site-packages/django/db/models/query.py", line 629, in get
    num = len(clone)
  File "/home/zx/xadmin_zx/.venv/lib/python3.13/site-packages/django/db/models/query.py", line 366, in __len__
    self._fetch_all()
    ~~~~~~~~~~~~~~~^^
  File "/home/zx/xadmin_zx/.venv/lib/python3.13/site-packages/django/db/models/query.py", line 1949, in _fetch_all
    self._result_cache = list(self._iterable_class(self))
                         ~~~~^^^^^^^^^^^^^^^^^^^^^^^^^^^^
  File "/home/zx/xadmin_zx/.venv/lib/python3.13/site-packages/django/db/models/query.py", line 91, in __iter__
    results = compiler.execute_sql(
        chunked_fetch=self.chunked_fetch, chunk_size=self.chunk_size
    )
  File "/home/zx/xadmin_zx/.venv/lib/python3.13/site-packages/django/db/models/sql/compiler.py", line 1621, in execute_sql
    cursor = self.connection.cursor()
  File "/home/zx/xadmin_zx/.venv/lib/python3.13/site-packages/django/utils/asyncio.py", line 26, in inner
    return func(*args, **kwargs)
  File "/home/zx/xadmin_zx/.venv/lib/python3.13/site-packages/django/db/backends/base/base.py", line 320, in cursor
    return self._cursor()
           ~~~~~~~~~~~~^^
  File "/home/zx/xadmin_zx/.venv/lib/python3.13/site-packages/django/db/backends/base/base.py", line 296, in _cursor
    self.ensure_connection()
    ~~~~~~~~~~~~~~~~~~~~~~^^
  File "/home/zx/xadmin_zx/.venv/lib/python3.13/site-packages/django/test/testcases.py", line 311, in patched_ensure_connection
    real_ensure_connection(self, *args, **kwargs)
    ~~~~~~~~~~~~~~~~~~~~~~^^^^^^^^^^^^^^^^^^^^^^^
  File "/home/zx/xadmin_zx/.venv/lib/python3.13/site-packages/django/utils/asyncio.py", line 26, in inner
    return func(*args, **kwargs)
  File "/home/zx/xadmin_zx/.venv/lib/python3.13/site-packages/django/db/backends/base/base.py", line 278, in ensure_connection
    with self.wrap_database_errors:
         ^^^^^^^^^^^^^^^^^^^^^^^^^
  File "/home/zx/xadmin_zx/.venv/lib/python3.13/site-packages/django/db/utils.py", line 91, in __exit__
    raise dj_exc_value.with_traceback(traceback) from exc_value
  File "/home/zx/xadmin_zx/.venv/lib/python3.13/site-packages/django/db/backends/base/base.py", line 279, in ensure_connection
    self.connect()
    ~~~~~~~~~~~~^^
  File "/home/zx/xadmin_zx/.venv/lib/python3.13/site-packages/django/utils/asyncio.py", line 26, in inner
    return func(*args, **kwargs)
  File "/home/zx/xadmin_zx/.venv/lib/python3.13/site-packages/django/db/backends/base/base.py", line 256, in connect
    self.connection = self.get_new_connection(conn_params)
                      ~~~~~~~~~~~~~~~~~~~~~~~^^^^^^^^^^^^^
  File "/home/zx/xadmin_zx/.venv/lib/python3.13/site-packages/django/utils/asyncio.py", line 26, in inner
    return func(*args, **kwargs)
  File "/home/zx/xadmin_zx/.venv/lib/python3.13/site-packages/django/db/backends/postgresql/base.py", line 332, in get_new_connection
    connection = self.Database.connect(**conn_params)
  File "/home/zx/xadmin_zx/.venv/lib/python3.13/site-packages/psycopg/connection.py", line 120, in connect
    raise last_ex.with_traceback(None)
django.db.utils.OperationalError: connection failed: connection to server at "10.67.167.53", port 5433 failed: FATAL:  database "test_xadmin" does not exist
2025-11-13 14:44:06 [   ERROR] [django.request:253] Internal Server Error: /system/yaml/validate
Traceback (most recent call last):
  File "/home/zx/xadmin_zx/.venv/lib/python3.13/site-packages/django/db/backends/base/base.py", line 279, in ensure_connection
    self.connect()
    ~~~~~~~~~~~~^^
  File "/home/zx/xadmin_zx/.venv/lib/python3.13/site-packages/django/utils/asyncio.py", line 26, in inner
    return func(*args, **kwargs)
  File "/home/zx/xadmin_zx/.venv/lib/python3.13/site-packages/django/db/backends/base/base.py", line 256, in connect
    self.connection = self.get_new_connection(conn_params)
                      ~~~~~~~~~~~~~~~~~~~~~~~^^^^^^^^^^^^^
  File "/home/zx/xadmin_zx/.venv/lib/python3.13/site-packages/django/utils/asyncio.py", line 26, in inner
    return func(*args, **kwargs)
  File "/home/zx/xadmin_zx/.venv/lib/python3.13/site-packages/django/db/backends/postgresql/base.py", line 332, in get_new_connection
    connection = self.Database.connect(**conn_params)
  File "/home/zx/xadmin_zx/.venv/lib/python3.13/site-packages/psycopg/connection.py", line 120, in connect
    raise last_ex.with_traceback(None)
psycopg.OperationalError: connection failed: connection to server at "10.67.167.53", port 5433 failed: FATAL:  database "test_xadmin" does not exist

The above exception was the direct cause of the following exception:

Traceback (most recent call last):
  File "/home/zx/xadmin_zx/.venv/lib/python3.13/site-packages/django/core/handlers/exception.py", line 55, in inner
    response = get_response(request)
  File "/home/zx/xadmin_zx/.venv/lib/python3.13/site-packages/django/core/handlers/base.py", line 197, in _get_response
    response = wrapped_callback(request, *callback_args, **callback_kwargs)
  File "/home/zx/xadmin_zx/.venv/lib/python3.13/site-packages/ninja_extra/operation.py", line 325, in _sync_view
    return super(PathView, self)._sync_view(request, *args, **kwargs)
           ~~~~~~~~~~~~~~~~~~~~~~~~~~~~~~~~^^^^^^^^^^^^^^^^^^^^^^^^^^
  File "/home/zx/xadmin_zx/.venv/lib/python3.13/site-packages/ninja/operation.py", line 482, in _sync_view
    return operation.run(request, *a, **kw)
           ~~~~~~~~~~~~~^^^^^^^^^^^^^^^^^^^
  File "/home/zx/xadmin_zx/.venv/lib/python3.13/site-packages/ninja_extra/operation.py", line 226, in run
    return self.api.on_exception(request, e)
           ~~~~~~~~~~~~~~~~~~~~~^^^^^^^^^^^^
  File "/home/zx/xadmin_zx/.venv/lib/python3.13/site-packages/ninja/main.py", line 520, in on_exception
    return handler(request, exc)
  File "/home/zx/xadmin_zx/.venv/lib/python3.13/site-packages/ninja/errors.py", line 129, in _default_exception
    raise exc  # let django deal with it
    ^^^^^^^^^
  File "/home/zx/xadmin_zx/.venv/lib/python3.13/site-packages/ninja_extra/operation.py", line 201, in run
    error = self._run_checks(request)
  File "/home/zx/xadmin_zx/.venv/lib/python3.13/site-packages/ninja/operation.py", line 192, in _run_checks
    error = self._run_authentication(request)  # type: ignore
  File "/home/zx/xadmin_zx/.venv/lib/python3.13/site-packages/ninja/operation.py", line 214, in _run_authentication
    return self.api.on_exception(request, exc)
           ~~~~~~~~~~~~~~~~~~~~~^^^^^^^^^^^^^^
  File "/home/zx/xadmin_zx/.venv/lib/python3.13/site-packages/ninja/main.py", line 520, in on_exception
    return handler(request, exc)
  File "/home/zx/xadmin_zx/.venv/lib/python3.13/site-packages/ninja/errors.py", line 129, in _default_exception
    raise exc  # let django deal with it
    ^^^^^^^^^
  File "/home/zx/xadmin_zx/.venv/lib/python3.13/site-packages/ninja/operation.py", line 212, in _run_authentication
    result = callback(request)
  File "/home/zx/xadmin_zx/.venv/lib/python3.13/site-packages/ninja/security/http.py", line 38, in __call__
    return self.authenticate(request, token)
           ~~~~~~~~~~~~~~~~~^^^^^^^^^^^^^^^^
  File "/home/zx/xadmin_zx/xadmin_auth/auth.py", line 49, in authenticate
    user = self.jwt_authenticate(request, token)
  File "/home/zx/xadmin_zx/.venv/lib/python3.13/site-packages/ninja_jwt/authentication.py", line 70, in jwt_authenticate
    user = self.get_user(validated_token)
  File "/home/zx/xadmin_zx/.venv/lib/python3.13/site-packages/ninja_jwt/authentication.py", line 58, in get_user
    user = self.user_model.objects.get(**{api_settings.USER_ID_FIELD: user_id})
  File "/home/zx/xadmin_zx/.venv/lib/python3.13/site-packages/django/db/models/manager.py", line 87, in manager_method
    return getattr(self.get_queryset(), name)(*args, **kwargs)
           ~~~~~~~~~~~~~~~~~~~~~~~~~~~~~~~~~~^^^^^^^^^^^^^^^^^
  File "/home/zx/xadmin_zx/.venv/lib/python3.13/site-packages/django/db/models/query.py", line 629, in get
    num = len(clone)
  File "/home/zx/xadmin_zx/.venv/lib/python3.13/site-packages/django/db/models/query.py", line 366, in __len__
    self._fetch_all()
    ~~~~~~~~~~~~~~~^^
  File "/home/zx/xadmin_zx/.venv/lib/python3.13/site-packages/django/db/models/query.py", line 1949, in _fetch_all
    self._result_cache = list(self._iterable_class(self))
                         ~~~~^^^^^^^^^^^^^^^^^^^^^^^^^^^^
  File "/home/zx/xadmin_zx/.venv/lib/python3.13/site-packages/django/db/models/query.py", line 91, in __iter__
    results = compiler.execute_sql(
        chunked_fetch=self.chunked_fetch, chunk_size=self.chunk_size
    )
  File "/home/zx/xadmin_zx/.venv/lib/python3.13/site-packages/django/db/models/sql/compiler.py", line 1621, in execute_sql
    cursor = self.connection.cursor()
  File "/home/zx/xadmin_zx/.venv/lib/python3.13/site-packages/django/utils/asyncio.py", line 26, in inner
    return func(*args, **kwargs)
  File "/home/zx/xadmin_zx/.venv/lib/python3.13/site-packages/django/db/backends/base/base.py", line 320, in cursor
    return self._cursor()
           ~~~~~~~~~~~~^^
  File "/home/zx/xadmin_zx/.venv/lib/python3.13/site-packages/django/db/backends/base/base.py", line 296, in _cursor
    self.ensure_connection()
    ~~~~~~~~~~~~~~~~~~~~~~^^
  File "/home/zx/xadmin_zx/.venv/lib/python3.13/site-packages/django/test/testcases.py", line 311, in patched_ensure_connection
    real_ensure_connection(self, *args, **kwargs)
    ~~~~~~~~~~~~~~~~~~~~~~^^^^^^^^^^^^^^^^^^^^^^^
  File "/home/zx/xadmin_zx/.venv/lib/python3.13/site-packages/django/utils/asyncio.py", line 26, in inner
    return func(*args, **kwargs)
  File "/home/zx/xadmin_zx/.venv/lib/python3.13/site-packages/django/db/backends/base/base.py", line 278, in ensure_connection
    with self.wrap_database_errors:
         ^^^^^^^^^^^^^^^^^^^^^^^^^
  File "/home/zx/xadmin_zx/.venv/lib/python3.13/site-packages/django/db/utils.py", line 91, in __exit__
    raise dj_exc_value.with_traceback(traceback) from exc_value
  File "/home/zx/xadmin_zx/.venv/lib/python3.13/site-packages/django/db/backends/base/base.py", line 279, in ensure_connection
    self.connect()
    ~~~~~~~~~~~~^^
  File "/home/zx/xadmin_zx/.venv/lib/python3.13/site-packages/django/utils/asyncio.py", line 26, in inner
    return func(*args, **kwargs)
  File "/home/zx/xadmin_zx/.venv/lib/python3.13/site-packages/django/db/backends/base/base.py", line 256, in connect
    self.connection = self.get_new_connection(conn_params)
                      ~~~~~~~~~~~~~~~~~~~~~~~^^^^^^^^^^^^^
  File "/home/zx/xadmin_zx/.venv/lib/python3.13/site-packages/django/utils/asyncio.py", line 26, in inner
    return func(*args, **kwargs)
  File "/home/zx/xadmin_zx/.venv/lib/python3.13/site-packages/django/db/backends/postgresql/base.py", line 332, in get_new_connection
    connection = self.Database.connect(**conn_params)
  File "/home/zx/xadmin_zx/.venv/lib/python3.13/site-packages/psycopg/connection.py", line 120, in connect
    raise last_ex.with_traceback(None)
django.db.utils.OperationalError: connection failed: connection to server at "10.67.167.53", port 5433 failed: FATAL:  database "test_xadmin" does not exist
2025-11-13 14:44:06 [   ERROR] [django.request:253] Internal Server Error: /system/yaml/validate
Traceback (most recent call last):
  File "/home/zx/xadmin_zx/.venv/lib/python3.13/site-packages/django/db/backends/base/base.py", line 279, in ensure_connection
    self.connect()
    ~~~~~~~~~~~~^^
  File "/home/zx/xadmin_zx/.venv/lib/python3.13/site-packages/django/utils/asyncio.py", line 26, in inner
    return func(*args, **kwargs)
  File "/home/zx/xadmin_zx/.venv/lib/python3.13/site-packages/django/db/backends/base/base.py", line 256, in connect
    self.connection = self.get_new_connection(conn_params)
                      ~~~~~~~~~~~~~~~~~~~~~~~^^^^^^^^^^^^^
  File "/home/zx/xadmin_zx/.venv/lib/python3.13/site-packages/django/utils/asyncio.py", line 26, in inner
    return func(*args, **kwargs)
  File "/home/zx/xadmin_zx/.venv/lib/python3.13/site-packages/django/db/backends/postgresql/base.py", line 332, in get_new_connection
    connection = self.Database.connect(**conn_params)
  File "/home/zx/xadmin_zx/.venv/lib/python3.13/site-packages/psycopg/connection.py", line 120, in connect
    raise last_ex.with_traceback(None)
psycopg.OperationalError: connection failed: connection to server at "10.67.167.53", port 5433 failed: FATAL:  database "test_xadmin" does not exist

The above exception was the direct cause of the following exception:

Traceback (most recent call last):
  File "/home/zx/xadmin_zx/.venv/lib/python3.13/site-packages/django/core/handlers/exception.py", line 55, in inner
    response = get_response(request)
  File "/home/zx/xadmin_zx/.venv/lib/python3.13/site-packages/django/core/handlers/base.py", line 197, in _get_response
    response = wrapped_callback(request, *callback_args, **callback_kwargs)
  File "/home/zx/xadmin_zx/.venv/lib/python3.13/site-packages/ninja_extra/operation.py", line 325, in _sync_view
    return super(PathView, self)._sync_view(request, *args, **kwargs)
           ~~~~~~~~~~~~~~~~~~~~~~~~~~~~~~~~^^^^^^^^^^^^^^^^^^^^^^^^^^
  File "/home/zx/xadmin_zx/.venv/lib/python3.13/site-packages/ninja/operation.py", line 482, in _sync_view
    return operation.run(request, *a, **kw)
           ~~~~~~~~~~~~~^^^^^^^^^^^^^^^^^^^
  File "/home/zx/xadmin_zx/.venv/lib/python3.13/site-packages/ninja_extra/operation.py", line 226, in run
    return self.api.on_exception(request, e)
           ~~~~~~~~~~~~~~~~~~~~~^^^^^^^^^^^^
  File "/home/zx/xadmin_zx/.venv/lib/python3.13/site-packages/ninja/main.py", line 520, in on_exception
    return handler(request, exc)
  File "/home/zx/xadmin_zx/.venv/lib/python3.13/site-packages/ninja/errors.py", line 129, in _default_exception
    raise exc  # let django deal with it
    ^^^^^^^^^
  File "/home/zx/xadmin_zx/.venv/lib/python3.13/site-packages/ninja_extra/operation.py", line 201, in run
    error = self._run_checks(request)
  File "/home/zx/xadmin_zx/.venv/lib/python3.13/site-packages/ninja/operation.py", line 192, in _run_checks
    error = self._run_authentication(request)  # type: ignore
  File "/home/zx/xadmin_zx/.venv/lib/python3.13/site-packages/ninja/operation.py", line 214, in _run_authentication
    return self.api.on_exception(request, exc)
           ~~~~~~~~~~~~~~~~~~~~~^^^^^^^^^^^^^^
  File "/home/zx/xadmin_zx/.venv/lib/python3.13/site-packages/ninja/main.py", line 520, in on_exception
    return handler(request, exc)
  File "/home/zx/xadmin_zx/.venv/lib/python3.13/site-packages/ninja/errors.py", line 129, in _default_exception
    raise exc  # let django deal with it
    ^^^^^^^^^
  File "/home/zx/xadmin_zx/.venv/lib/python3.13/site-packages/ninja/operation.py", line 212, in _run_authentication
    result = callback(request)
  File "/home/zx/xadmin_zx/.venv/lib/python3.13/site-packages/ninja/security/http.py", line 38, in __call__
    return self.authenticate(request, token)
           ~~~~~~~~~~~~~~~~~^^^^^^^^^^^^^^^^
  File "/home/zx/xadmin_zx/xadmin_auth/auth.py", line 49, in authenticate
    user = self.jwt_authenticate(request, token)
  File "/home/zx/xadmin_zx/.venv/lib/python3.13/site-packages/ninja_jwt/authentication.py", line 70, in jwt_authenticate
    user = self.get_user(validated_token)
  File "/home/zx/xadmin_zx/.venv/lib/python3.13/site-packages/ninja_jwt/authentication.py", line 58, in get_user
    user = self.user_model.objects.get(**{api_settings.USER_ID_FIELD: user_id})
  File "/home/zx/xadmin_zx/.venv/lib/python3.13/site-packages/django/db/models/manager.py", line 87, in manager_method
    return getattr(self.get_queryset(), name)(*args, **kwargs)
           ~~~~~~~~~~~~~~~~~~~~~~~~~~~~~~~~~~^^^^^^^^^^^^^^^^^
  File "/home/zx/xadmin_zx/.venv/lib/python3.13/site-packages/django/db/models/query.py", line 629, in get
    num = len(clone)
  File "/home/zx/xadmin_zx/.venv/lib/python3.13/site-packages/django/db/models/query.py", line 366, in __len__
    self._fetch_all()
    ~~~~~~~~~~~~~~~^^
  File "/home/zx/xadmin_zx/.venv/lib/python3.13/site-packages/django/db/models/query.py", line 1949, in _fetch_all
    self._result_cache = list(self._iterable_class(self))
                         ~~~~^^^^^^^^^^^^^^^^^^^^^^^^^^^^
  File "/home/zx/xadmin_zx/.venv/lib/python3.13/site-packages/django/db/models/query.py", line 91, in __iter__
    results = compiler.execute_sql(
        chunked_fetch=self.chunked_fetch, chunk_size=self.chunk_size
    )
  File "/home/zx/xadmin_zx/.venv/lib/python3.13/site-packages/django/db/models/sql/compiler.py", line 1621, in execute_sql
    cursor = self.connection.cursor()
  File "/home/zx/xadmin_zx/.venv/lib/python3.13/site-packages/django/utils/asyncio.py", line 26, in inner
    return func(*args, **kwargs)
  File "/home/zx/xadmin_zx/.venv/lib/python3.13/site-packages/django/db/backends/base/base.py", line 320, in cursor
    return self._cursor()
           ~~~~~~~~~~~~^^
  File "/home/zx/xadmin_zx/.venv/lib/python3.13/site-packages/django/db/backends/base/base.py", line 296, in _cursor
    self.ensure_connection()
    ~~~~~~~~~~~~~~~~~~~~~~^^
  File "/home/zx/xadmin_zx/.venv/lib/python3.13/site-packages/django/test/testcases.py", line 311, in patched_ensure_connection
    real_ensure_connection(self, *args, **kwargs)
    ~~~~~~~~~~~~~~~~~~~~~~^^^^^^^^^^^^^^^^^^^^^^^
  File "/home/zx/xadmin_zx/.venv/lib/python3.13/site-packages/django/utils/asyncio.py", line 26, in inner
    return func(*args, **kwargs)
  File "/home/zx/xadmin_zx/.venv/lib/python3.13/site-packages/django/db/backends/base/base.py", line 278, in ensure_connection
    with self.wrap_database_errors:
         ^^^^^^^^^^^^^^^^^^^^^^^^^
  File "/home/zx/xadmin_zx/.venv/lib/python3.13/site-packages/django/db/utils.py", line 91, in __exit__
    raise dj_exc_value.with_traceback(traceback) from exc_value
  File "/home/zx/xadmin_zx/.venv/lib/python3.13/site-packages/django/db/backends/base/base.py", line 279, in ensure_connection
    self.connect()
    ~~~~~~~~~~~~^^
  File "/home/zx/xadmin_zx/.venv/lib/python3.13/site-packages/django/utils/asyncio.py", line 26, in inner
    return func(*args, **kwargs)
  File "/home/zx/xadmin_zx/.venv/lib/python3.13/site-packages/django/db/backends/base/base.py", line 256, in connect
    self.connection = self.get_new_connection(conn_params)
                      ~~~~~~~~~~~~~~~~~~~~~~~^^^^^^^^^^^^^
  File "/home/zx/xadmin_zx/.venv/lib/python3.13/site-packages/django/utils/asyncio.py", line 26, in inner
    return func(*args, **kwargs)
  File "/home/zx/xadmin_zx/.venv/lib/python3.13/site-packages/django/db/backends/postgresql/base.py", line 332, in get_new_connection
    connection = self.Database.connect(**conn_params)
  File "/home/zx/xadmin_zx/.venv/lib/python3.13/site-packages/psycopg/connection.py", line 120, in connect
    raise last_ex.with_traceback(None)
django.db.utils.OperationalError: connection failed: connection to server at "10.67.167.53", port 5433 failed: FATAL:  database "test_xadmin" does not exist
2025-11-13 14:44:06 [   ERROR] [django.request:253] Internal Server Error: /system/yaml/validate
Traceback (most recent call last):
  File "/home/zx/xadmin_zx/.venv/lib/python3.13/site-packages/django/db/backends/base/base.py", line 279, in ensure_connection
    self.connect()
    ~~~~~~~~~~~~^^
  File "/home/zx/xadmin_zx/.venv/lib/python3.13/site-packages/django/utils/asyncio.py", line 26, in inner
    return func(*args, **kwargs)
  File "/home/zx/xadmin_zx/.venv/lib/python3.13/site-packages/django/db/backends/base/base.py", line 256, in connect
    self.connection = self.get_new_connection(conn_params)
                      ~~~~~~~~~~~~~~~~~~~~~~~^^^^^^^^^^^^^
  File "/home/zx/xadmin_zx/.venv/lib/python3.13/site-packages/django/utils/asyncio.py", line 26, in inner
    return func(*args, **kwargs)
  File "/home/zx/xadmin_zx/.venv/lib/python3.13/site-packages/django/db/backends/postgresql/base.py", line 332, in get_new_connection
    connection = self.Database.connect(**conn_params)
  File "/home/zx/xadmin_zx/.venv/lib/python3.13/site-packages/psycopg/connection.py", line 120, in connect
    raise last_ex.with_traceback(None)
psycopg.OperationalError: connection failed: connection to server at "10.67.167.53", port 5433 failed: FATAL:  database "test_xadmin" does not exist

The above exception was the direct cause of the following exception:

Traceback (most recent call last):
  File "/home/zx/xadmin_zx/.venv/lib/python3.13/site-packages/django/core/handlers/exception.py", line 55, in inner
    response = get_response(request)
  File "/home/zx/xadmin_zx/.venv/lib/python3.13/site-packages/django/core/handlers/base.py", line 197, in _get_response
    response = wrapped_callback(request, *callback_args, **callback_kwargs)
  File "/home/zx/xadmin_zx/.venv/lib/python3.13/site-packages/ninja_extra/operation.py", line 325, in _sync_view
    return super(PathView, self)._sync_view(request, *args, **kwargs)
           ~~~~~~~~~~~~~~~~~~~~~~~~~~~~~~~~^^^^^^^^^^^^^^^^^^^^^^^^^^
  File "/home/zx/xadmin_zx/.venv/lib/python3.13/site-packages/ninja/operation.py", line 482, in _sync_view
    return operation.run(request, *a, **kw)
           ~~~~~~~~~~~~~^^^^^^^^^^^^^^^^^^^
  File "/home/zx/xadmin_zx/.venv/lib/python3.13/site-packages/ninja_extra/operation.py", line 226, in run
    return self.api.on_exception(request, e)
           ~~~~~~~~~~~~~~~~~~~~~^^^^^^^^^^^^
  File "/home/zx/xadmin_zx/.venv/lib/python3.13/site-packages/ninja/main.py", line 520, in on_exception
    return handler(request, exc)
  File "/home/zx/xadmin_zx/.venv/lib/python3.13/site-packages/ninja/errors.py", line 129, in _default_exception
    raise exc  # let django deal with it
    ^^^^^^^^^
  File "/home/zx/xadmin_zx/.venv/lib/python3.13/site-packages/ninja_extra/operation.py", line 201, in run
    error = self._run_checks(request)
  File "/home/zx/xadmin_zx/.venv/lib/python3.13/site-packages/ninja/operation.py", line 192, in _run_checks
    error = self._run_authentication(request)  # type: ignore
  File "/home/zx/xadmin_zx/.venv/lib/python3.13/site-packages/ninja/operation.py", line 214, in _run_authentication
    return self.api.on_exception(request, exc)
           ~~~~~~~~~~~~~~~~~~~~~^^^^^^^^^^^^^^
  File "/home/zx/xadmin_zx/.venv/lib/python3.13/site-packages/ninja/main.py", line 520, in on_exception
    return handler(request, exc)
  File "/home/zx/xadmin_zx/.venv/lib/python3.13/site-packages/ninja/errors.py", line 129, in _default_exception
    raise exc  # let django deal with it
    ^^^^^^^^^
  File "/home/zx/xadmin_zx/.venv/lib/python3.13/site-packages/ninja/operation.py", line 212, in _run_authentication
    result = callback(request)
  File "/home/zx/xadmin_zx/.venv/lib/python3.13/site-packages/ninja/security/http.py", line 38, in __call__
    return self.authenticate(request, token)
           ~~~~~~~~~~~~~~~~~^^^^^^^^^^^^^^^^
  File "/home/zx/xadmin_zx/xadmin_auth/auth.py", line 49, in authenticate
    user = self.jwt_authenticate(request, token)
  File "/home/zx/xadmin_zx/.venv/lib/python3.13/site-packages/ninja_jwt/authentication.py", line 70, in jwt_authenticate
    user = self.get_user(validated_token)
  File "/home/zx/xadmin_zx/.venv/lib/python3.13/site-packages/ninja_jwt/authentication.py", line 58, in get_user
    user = self.user_model.objects.get(**{api_settings.USER_ID_FIELD: user_id})
  File "/home/zx/xadmin_zx/.venv/lib/python3.13/site-packages/django/db/models/manager.py", line 87, in manager_method
    return getattr(self.get_queryset(), name)(*args, **kwargs)
           ~~~~~~~~~~~~~~~~~~~~~~~~~~~~~~~~~~^^^^^^^^^^^^^^^^^
  File "/home/zx/xadmin_zx/.venv/lib/python3.13/site-packages/django/db/models/query.py", line 629, in get
    num = len(clone)
  File "/home/zx/xadmin_zx/.venv/lib/python3.13/site-packages/django/db/models/query.py", line 366, in __len__
    self._fetch_all()
    ~~~~~~~~~~~~~~~^^
  File "/home/zx/xadmin_zx/.venv/lib/python3.13/site-packages/django/db/models/query.py", line 1949, in _fetch_all
    self._result_cache = list(self._iterable_class(self))
                         ~~~~^^^^^^^^^^^^^^^^^^^^^^^^^^^^
  File "/home/zx/xadmin_zx/.venv/lib/python3.13/site-packages/django/db/models/query.py", line 91, in __iter__
    results = compiler.execute_sql(
        chunked_fetch=self.chunked_fetch, chunk_size=self.chunk_size
    )
  File "/home/zx/xadmin_zx/.venv/lib/python3.13/site-packages/django/db/models/sql/compiler.py", line 1621, in execute_sql
    cursor = self.connection.cursor()
  File "/home/zx/xadmin_zx/.venv/lib/python3.13/site-packages/django/utils/asyncio.py", line 26, in inner
    return func(*args, **kwargs)
  File "/home/zx/xadmin_zx/.venv/lib/python3.13/site-packages/django/db/backends/base/base.py", line 320, in cursor
    return self._cursor()
           ~~~~~~~~~~~~^^
  File "/home/zx/xadmin_zx/.venv/lib/python3.13/site-packages/django/db/backends/base/base.py", line 296, in _cursor
    self.ensure_connection()
    ~~~~~~~~~~~~~~~~~~~~~~^^
  File "/home/zx/xadmin_zx/.venv/lib/python3.13/site-packages/django/test/testcases.py", line 311, in patched_ensure_connection
    real_ensure_connection(self, *args, **kwargs)
    ~~~~~~~~~~~~~~~~~~~~~~^^^^^^^^^^^^^^^^^^^^^^^
  File "/home/zx/xadmin_zx/.venv/lib/python3.13/site-packages/django/utils/asyncio.py", line 26, in inner
    return func(*args, **kwargs)
  File "/home/zx/xadmin_zx/.venv/lib/python3.13/site-packages/django/db/backends/base/base.py", line 278, in ensure_connection
    with self.wrap_database_errors:
         ^^^^^^^^^^^^^^^^^^^^^^^^^
  File "/home/zx/xadmin_zx/.venv/lib/python3.13/site-packages/django/db/utils.py", line 91, in __exit__
    raise dj_exc_value.with_traceback(traceback) from exc_value
  File "/home/zx/xadmin_zx/.venv/lib/python3.13/site-packages/django/db/backends/base/base.py", line 279, in ensure_connection
    self.connect()
    ~~~~~~~~~~~~^^
  File "/home/zx/xadmin_zx/.venv/lib/python3.13/site-packages/django/utils/asyncio.py", line 26, in inner
    return func(*args, **kwargs)
  File "/home/zx/xadmin_zx/.venv/lib/python3.13/site-packages/django/db/backends/base/base.py", line 256, in connect
    self.connection = self.get_new_connection(conn_params)
                      ~~~~~~~~~~~~~~~~~~~~~~~^^^^^^^^^^^^^
  File "/home/zx/xadmin_zx/.venv/lib/python3.13/site-packages/django/utils/asyncio.py", line 26, in inner
    return func(*args, **kwargs)
  File "/home/zx/xadmin_zx/.venv/lib/python3.13/site-packages/django/db/backends/postgresql/base.py", line 332, in get_new_connection
    connection = self.Database.connect(**conn_params)
  File "/home/zx/xadmin_zx/.venv/lib/python3.13/site-packages/psycopg/connection.py", line 120, in connect
    raise last_ex.with_traceback(None)
django.db.utils.OperationalError: connection failed: connection to server at "10.67.167.53", port 5433 failed: FATAL:  database "test_xadmin" does not exist
2025-11-13 14:44:06 [   ERROR] [django.request:253] Internal Server Error: /system/yaml/validate
Traceback (most recent call last):
  File "/home/zx/xadmin_zx/.venv/lib/python3.13/site-packages/django/db/backends/base/base.py", line 279, in ensure_connection
    self.connect()
    ~~~~~~~~~~~~^^
  File "/home/zx/xadmin_zx/.venv/lib/python3.13/site-packages/django/utils/asyncio.py", line 26, in inner
    return func(*args, **kwargs)
  File "/home/zx/xadmin_zx/.venv/lib/python3.13/site-packages/django/db/backends/base/base.py", line 256, in connect
    self.connection = self.get_new_connection(conn_params)
                      ~~~~~~~~~~~~~~~~~~~~~~~^^^^^^^^^^^^^
  File "/home/zx/xadmin_zx/.venv/lib/python3.13/site-packages/django/utils/asyncio.py", line 26, in inner
    return func(*args, **kwargs)
  File "/home/zx/xadmin_zx/.venv/lib/python3.13/site-packages/django/db/backends/postgresql/base.py", line 332, in get_new_connection
    connection = self.Database.connect(**conn_params)
  File "/home/zx/xadmin_zx/.venv/lib/python3.13/site-packages/psycopg/connection.py", line 120, in connect
    raise last_ex.with_traceback(None)
psycopg.OperationalError: connection failed: connection to server at "10.67.167.53", port 5433 failed: FATAL:  database "test_xadmin" does not exist

The above exception was the direct cause of the following exception:

Traceback (most recent call last):
  File "/home/zx/xadmin_zx/.venv/lib/python3.13/site-packages/django/core/handlers/exception.py", line 55, in inner
    response = get_response(request)
  File "/home/zx/xadmin_zx/.venv/lib/python3.13/site-packages/django/core/handlers/base.py", line 197, in _get_response
    response = wrapped_callback(request, *callback_args, **callback_kwargs)
  File "/home/zx/xadmin_zx/.venv/lib/python3.13/site-packages/ninja_extra/operation.py", line 325, in _sync_view
    return super(PathView, self)._sync_view(request, *args, **kwargs)
           ~~~~~~~~~~~~~~~~~~~~~~~~~~~~~~~~^^^^^^^^^^^^^^^^^^^^^^^^^^
  File "/home/zx/xadmin_zx/.venv/lib/python3.13/site-packages/ninja/operation.py", line 482, in _sync_view
    return operation.run(request, *a, **kw)
           ~~~~~~~~~~~~~^^^^^^^^^^^^^^^^^^^
  File "/home/zx/xadmin_zx/.venv/lib/python3.13/site-packages/ninja_extra/operation.py", line 226, in run
    return self.api.on_exception(request, e)
           ~~~~~~~~~~~~~~~~~~~~~^^^^^^^^^^^^
  File "/home/zx/xadmin_zx/.venv/lib/python3.13/site-packages/ninja/main.py", line 520, in on_exception
    return handler(request, exc)
  File "/home/zx/xadmin_zx/.venv/lib/python3.13/site-packages/ninja/errors.py", line 129, in _default_exception
    raise exc  # let django deal with it
    ^^^^^^^^^
  File "/home/zx/xadmin_zx/.venv/lib/python3.13/site-packages/ninja_extra/operation.py", line 201, in run
    error = self._run_checks(request)
  File "/home/zx/xadmin_zx/.venv/lib/python3.13/site-packages/ninja/operation.py", line 192, in _run_checks
    error = self._run_authentication(request)  # type: ignore
  File "/home/zx/xadmin_zx/.venv/lib/python3.13/site-packages/ninja/operation.py", line 214, in _run_authentication
    return self.api.on_exception(request, exc)
           ~~~~~~~~~~~~~~~~~~~~~^^^^^^^^^^^^^^
  File "/home/zx/xadmin_zx/.venv/lib/python3.13/site-packages/ninja/main.py", line 520, in on_exception
    return handler(request, exc)
  File "/home/zx/xadmin_zx/.venv/lib/python3.13/site-packages/ninja/errors.py", line 129, in _default_exception
    raise exc  # let django deal with it
    ^^^^^^^^^
  File "/home/zx/xadmin_zx/.venv/lib/python3.13/site-packages/ninja/operation.py", line 212, in _run_authentication
    result = callback(request)
  File "/home/zx/xadmin_zx/.venv/lib/python3.13/site-packages/ninja/security/http.py", line 38, in __call__
    return self.authenticate(request, token)
           ~~~~~~~~~~~~~~~~~^^^^^^^^^^^^^^^^
  File "/home/zx/xadmin_zx/xadmin_auth/auth.py", line 49, in authenticate
    user = self.jwt_authenticate(request, token)
  File "/home/zx/xadmin_zx/.venv/lib/python3.13/site-packages/ninja_jwt/authentication.py", line 70, in jwt_authenticate
    user = self.get_user(validated_token)
  File "/home/zx/xadmin_zx/.venv/lib/python3.13/site-packages/ninja_jwt/authentication.py", line 58, in get_user
    user = self.user_model.objects.get(**{api_settings.USER_ID_FIELD: user_id})
  File "/home/zx/xadmin_zx/.venv/lib/python3.13/site-packages/django/db/models/manager.py", line 87, in manager_method
    return getattr(self.get_queryset(), name)(*args, **kwargs)
           ~~~~~~~~~~~~~~~~~~~~~~~~~~~~~~~~~~^^^^^^^^^^^^^^^^^
  File "/home/zx/xadmin_zx/.venv/lib/python3.13/site-packages/django/db/models/query.py", line 629, in get
    num = len(clone)
  File "/home/zx/xadmin_zx/.venv/lib/python3.13/site-packages/django/db/models/query.py", line 366, in __len__
    self._fetch_all()
    ~~~~~~~~~~~~~~~^^
  File "/home/zx/xadmin_zx/.venv/lib/python3.13/site-packages/django/db/models/query.py", line 1949, in _fetch_all
    self._result_cache = list(self._iterable_class(self))
                         ~~~~^^^^^^^^^^^^^^^^^^^^^^^^^^^^
  File "/home/zx/xadmin_zx/.venv/lib/python3.13/site-packages/django/db/models/query.py", line 91, in __iter__
    results = compiler.execute_sql(
        chunked_fetch=self.chunked_fetch, chunk_size=self.chunk_size
    )
  File "/home/zx/xadmin_zx/.venv/lib/python3.13/site-packages/django/db/models/sql/compiler.py", line 1621, in execute_sql
    cursor = self.connection.cursor()
  File "/home/zx/xadmin_zx/.venv/lib/python3.13/site-packages/django/utils/asyncio.py", line 26, in inner
    return func(*args, **kwargs)
  File "/home/zx/xadmin_zx/.venv/lib/python3.13/site-packages/django/db/backends/base/base.py", line 320, in cursor
    return self._cursor()
           ~~~~~~~~~~~~^^
  File "/home/zx/xadmin_zx/.venv/lib/python3.13/site-packages/django/db/backends/base/base.py", line 296, in _cursor
    self.ensure_connection()
    ~~~~~~~~~~~~~~~~~~~~~~^^
  File "/home/zx/xadmin_zx/.venv/lib/python3.13/site-packages/django/test/testcases.py", line 311, in patched_ensure_connection
    real_ensure_connection(self, *args, **kwargs)
    ~~~~~~~~~~~~~~~~~~~~~~^^^^^^^^^^^^^^^^^^^^^^^
  File "/home/zx/xadmin_zx/.venv/lib/python3.13/site-packages/django/utils/asyncio.py", line 26, in inner
    return func(*args, **kwargs)
  File "/home/zx/xadmin_zx/.venv/lib/python3.13/site-packages/django/db/backends/base/base.py", line 278, in ensure_connection
    with self.wrap_database_errors:
         ^^^^^^^^^^^^^^^^^^^^^^^^^
  File "/home/zx/xadmin_zx/.venv/lib/python3.13/site-packages/django/db/utils.py", line 91, in __exit__
    raise dj_exc_value.with_traceback(traceback) from exc_value
  File "/home/zx/xadmin_zx/.venv/lib/python3.13/site-packages/django/db/backends/base/base.py", line 279, in ensure_connection
    self.connect()
    ~~~~~~~~~~~~^^
  File "/home/zx/xadmin_zx/.venv/lib/python3.13/site-packages/django/utils/asyncio.py", line 26, in inner
    return func(*args, **kwargs)
  File "/home/zx/xadmin_zx/.venv/lib/python3.13/site-packages/django/db/backends/base/base.py", line 256, in connect
    self.connection = self.get_new_connection(conn_params)
                      ~~~~~~~~~~~~~~~~~~~~~~~^^^^^^^^^^^^^
  File "/home/zx/xadmin_zx/.venv/lib/python3.13/site-packages/django/utils/asyncio.py", line 26, in inner
    return func(*args, **kwargs)
  File "/home/zx/xadmin_zx/.venv/lib/python3.13/site-packages/django/db/backends/postgresql/base.py", line 332, in get_new_connection
    connection = self.Database.connect(**conn_params)
  File "/home/zx/xadmin_zx/.venv/lib/python3.13/site-packages/psycopg/connection.py", line 120, in connect
    raise last_ex.with_traceback(None)
django.db.utils.OperationalError: connection failed: connection to server at "10.67.167.53", port 5433 failed: FATAL:  database "test_xadmin" does not exist
2025-11-13 14:44:06 [   ERROR] [django.request:253] Internal Server Error: /system/yaml/validate
Traceback (most recent call last):
  File "/home/zx/xadmin_zx/.venv/lib/python3.13/site-packages/django/db/backends/base/base.py", line 279, in ensure_connection
    self.connect()
    ~~~~~~~~~~~~^^
  File "/home/zx/xadmin_zx/.venv/lib/python3.13/site-packages/django/utils/asyncio.py", line 26, in inner
    return func(*args, **kwargs)
  File "/home/zx/xadmin_zx/.venv/lib/python3.13/site-packages/django/db/backends/base/base.py", line 256, in connect
    self.connection = self.get_new_connection(conn_params)
                      ~~~~~~~~~~~~~~~~~~~~~~~^^^^^^^^^^^^^
  File "/home/zx/xadmin_zx/.venv/lib/python3.13/site-packages/django/utils/asyncio.py", line 26, in inner
    return func(*args, **kwargs)
  File "/home/zx/xadmin_zx/.venv/lib/python3.13/site-packages/django/db/backends/postgresql/base.py", line 332, in get_new_connection
    connection = self.Database.connect(**conn_params)
  File "/home/zx/xadmin_zx/.venv/lib/python3.13/site-packages/psycopg/connection.py", line 120, in connect
    raise last_ex.with_traceback(None)
psycopg.OperationalError: connection failed: connection to server at "10.67.167.53", port 5433 failed: FATAL:  database "test_xadmin" does not exist

The above exception was the direct cause of the following exception:

Traceback (most recent call last):
  File "/home/zx/.local/share/uv/python/cpython-3.13.9-linux-x86_64-gnu/lib/python3.13/concurrent/futures/thread.py", line 59, in run
    result = self.fn(*self.args, **self.kwargs)
  File "/home/zx/xadmin_zx/yaml_check/tests/test_views.py", line 326, in make_request
    return client.post(
           ~~~~~~~~~~~^
        '/system/yaml/validate',
        ^^^^^^^^^^^^^^^^^^^^^^^^
    ...<2 lines>...
        HTTP_AUTHORIZATION=f'Bearer {token}'
        ^^^^^^^^^^^^^^^^^^^^^^^^^^^^^^^^^^^^
    )
    ^
  File "/home/zx/xadmin_zx/.venv/lib/python3.13/site-packages/django/test/client.py", line 1153, in post
    response = super().post(
        path,
    ...<5 lines>...
        **extra,
    )
  File "/home/zx/xadmin_zx/.venv/lib/python3.13/site-packages/django/test/client.py", line 499, in post
    return self.generic(
           ~~~~~~~~~~~~^
        "POST",
        ^^^^^^^
    ...<6 lines>...
        **extra,
        ^^^^^^^^
    )
    ^
  File "/home/zx/xadmin_zx/.venv/lib/python3.13/site-packages/django/test/client.py", line 671, in generic
    return self.request(**r)
           ~~~~~~~~~~~~^^^^^
  File "/home/zx/xadmin_zx/.venv/lib/python3.13/site-packages/django/test/client.py", line 1087, in request
    self.check_exception(response)
    ~~~~~~~~~~~~~~~~~~~~^^^^^^^^^^
  File "/home/zx/xadmin_zx/.venv/lib/python3.13/site-packages/django/test/client.py", line 802, in check_exception
    raise exc_value
  File "/home/zx/xadmin_zx/.venv/lib/python3.13/site-packages/django/core/handlers/exception.py", line 55, in inner
    response = get_response(request)
  File "/home/zx/xadmin_zx/.venv/lib/python3.13/site-packages/django/core/handlers/base.py", line 197, in _get_response
    response = wrapped_callback(request, *callback_args, **callback_kwargs)
  File "/home/zx/xadmin_zx/.venv/lib/python3.13/site-packages/ninja_extra/operation.py", line 325, in _sync_view
    return super(PathView, self)._sync_view(request, *args, **kwargs)
           ~~~~~~~~~~~~~~~~~~~~~~~~~~~~~~~~^^^^^^^^^^^^^^^^^^^^^^^^^^
  File "/home/zx/xadmin_zx/.venv/lib/python3.13/site-packages/ninja/operation.py", line 482, in _sync_view
    return operation.run(request, *a, **kw)
           ~~~~~~~~~~~~~^^^^^^^^^^^^^^^^^^^
  File "/home/zx/xadmin_zx/.venv/lib/python3.13/site-packages/ninja_extra/operation.py", line 226, in run
    return self.api.on_exception(request, e)
           ~~~~~~~~~~~~~~~~~~~~~^^^^^^^^^^^^
  File "/home/zx/xadmin_zx/.venv/lib/python3.13/site-packages/ninja/main.py", line 520, in on_exception
    return handler(request, exc)
  File "/home/zx/xadmin_zx/.venv/lib/python3.13/site-packages/ninja/errors.py", line 129, in _default_exception
    raise exc  # let django deal with it
    ^^^^^^^^^
  File "/home/zx/xadmin_zx/.venv/lib/python3.13/site-packages/ninja_extra/operation.py", line 201, in run
    error = self._run_checks(request)
  File "/home/zx/xadmin_zx/.venv/lib/python3.13/site-packages/ninja/operation.py", line 192, in _run_checks
    error = self._run_authentication(request)  # type: ignore
  File "/home/zx/xadmin_zx/.venv/lib/python3.13/site-packages/ninja/operation.py", line 214, in _run_authentication
    return self.api.on_exception(request, exc)
           ~~~~~~~~~~~~~~~~~~~~~^^^^^^^^^^^^^^
  File "/home/zx/xadmin_zx/.venv/lib/python3.13/site-packages/ninja/main.py", line 520, in on_exception
    return handler(request, exc)
  File "/home/zx/xadmin_zx/.venv/lib/python3.13/site-packages/ninja/errors.py", line 129, in _default_exception
    raise exc  # let django deal with it
    ^^^^^^^^^
  File "/home/zx/xadmin_zx/.venv/lib/python3.13/site-packages/ninja/operation.py", line 212, in _run_authentication
    result = callback(request)
  File "/home/zx/xadmin_zx/.venv/lib/python3.13/site-packages/ninja/security/http.py", line 38, in __call__
    return self.authenticate(request, token)
           ~~~~~~~~~~~~~~~~~^^^^^^^^^^^^^^^^
  File "/home/zx/xadmin_zx/xadmin_auth/auth.py", line 49, in authenticate
    user = self.jwt_authenticate(request, token)
  File "/home/zx/xadmin_zx/.venv/lib/python3.13/site-packages/ninja_jwt/authentication.py", line 70, in jwt_authenticate
    user = self.get_user(validated_token)
  File "/home/zx/xadmin_zx/.venv/lib/python3.13/site-packages/ninja_jwt/authentication.py", line 58, in get_user
    user = self.user_model.objects.get(**{api_settings.USER_ID_FIELD: user_id})
  File "/home/zx/xadmin_zx/.venv/lib/python3.13/site-packages/django/db/models/manager.py", line 87, in manager_method
    return getattr(self.get_queryset(), name)(*args, **kwargs)
           ~~~~~~~~~~~~~~~~~~~~~~~~~~~~~~~~~~^^^^^^^^^^^^^^^^^
  File "/home/zx/xadmin_zx/.venv/lib/python3.13/site-packages/django/db/models/query.py", line 629, in get
    num = len(clone)
  File "/home/zx/xadmin_zx/.venv/lib/python3.13/site-packages/django/db/models/query.py", line 366, in __len__
    self._fetch_all()
    ~~~~~~~~~~~~~~~^^
  File "/home/zx/xadmin_zx/.venv/lib/python3.13/site-packages/django/db/models/query.py", line 1949, in _fetch_all
    self._result_cache = list(self._iterable_class(self))
                         ~~~~^^^^^^^^^^^^^^^^^^^^^^^^^^^^
  File "/home/zx/xadmin_zx/.venv/lib/python3.13/site-packages/django/db/models/query.py", line 91, in __iter__
    results = compiler.execute_sql(
        chunked_fetch=self.chunked_fetch, chunk_size=self.chunk_size
    )
  File "/home/zx/xadmin_zx/.venv/lib/python3.13/site-packages/django/db/models/sql/compiler.py", line 1621, in execute_sql
    cursor = self.connection.cursor()
  File "/home/zx/xadmin_zx/.venv/lib/python3.13/site-packages/django/utils/asyncio.py", line 26, in inner
    return func(*args, **kwargs)
  File "/home/zx/xadmin_zx/.venv/lib/python3.13/site-packages/django/db/backends/base/base.py", line 320, in cursor
    return self._cursor()
           ~~~~~~~~~~~~^^
  File "/home/zx/xadmin_zx/.venv/lib/python3.13/site-packages/django/db/backends/base/base.py", line 296, in _cursor
    self.ensure_connection()
    ~~~~~~~~~~~~~~~~~~~~~~^^
  File "/home/zx/xadmin_zx/.venv/lib/python3.13/site-packages/django/test/testcases.py", line 311, in patched_ensure_connection
    real_ensure_connection(self, *args, **kwargs)
    ~~~~~~~~~~~~~~~~~~~~~~^^^^^^^^^^^^^^^^^^^^^^^
  File "/home/zx/xadmin_zx/.venv/lib/python3.13/site-packages/django/utils/asyncio.py", line 26, in inner
    return func(*args, **kwargs)
  File "/home/zx/xadmin_zx/.venv/lib/python3.13/site-packages/django/db/backends/base/base.py", line 278, in ensure_connection
    with self.wrap_database_errors:
         ^^^^^^^^^^^^^^^^^^^^^^^^^
  File "/home/zx/xadmin_zx/.venv/lib/python3.13/site-packages/django/db/utils.py", line 91, in __exit__
    raise dj_exc_value.with_traceback(traceback) from exc_value
  File "/home/zx/xadmin_zx/.venv/lib/python3.13/site-packages/django/db/backends/base/base.py", line 279, in ensure_connection
    self.connect()
    ~~~~~~~~~~~~^^
  File "/home/zx/xadmin_zx/.venv/lib/python3.13/site-packages/django/utils/asyncio.py", line 26, in inner
    return func(*args, **kwargs)
  File "/home/zx/xadmin_zx/.venv/lib/python3.13/site-packages/django/db/backends/base/base.py", line 256, in connect
    self.connection = self.get_new_connection(conn_params)
                      ~~~~~~~~~~~~~~~~~~~~~~~^^^^^^^^^^^^^
  File "/home/zx/xadmin_zx/.venv/lib/python3.13/site-packages/django/utils/asyncio.py", line 26, in inner
    return func(*args, **kwargs)
  File "/home/zx/xadmin_zx/.venv/lib/python3.13/site-packages/django/db/backends/postgresql/base.py", line 332, in get_new_connection
    connection = self.Database.connect(**conn_params)
  File "/home/zx/xadmin_zx/.venv/lib/python3.13/site-packages/psycopg/connection.py", line 120, in connect
    raise last_ex.with_traceback(None)
django.db.utils.OperationalError: connection failed: connection to server at "10.67.167.53", port 5433 failed: FATAL:  database "test_xadmin" does not exist
